[2025-01-18 13:06:43,284:INFO:main:this is our custom log]
[2025-01-18 13:06:51,680:INFO:main:>>>>>stage Data Ingesion stage startrd <<<<<]
[2025-01-18 13:06:51,683:INFO:common:YAML file: config\config.yaml loaded successfully]
[2025-01-18 13:06:51,687:INFO:common:YAML file: params.yaml loaded successfully]
[2025-01-18 13:06:51,690:INFO:common:YAML file: schema.yaml loaded successfully]
[2025-01-18 13:06:51,694:INFO:common:Created directory at: artifacts]
[2025-01-18 13:06:51,696:INFO:common:Created directory at: artifacts/data_ingestion]
[2025-01-18 13:06:53,414:INFO:data_ingesion:artifacts/data_ingestion/data.zip download! with following info: 
Connection: close
Content-Length: 21984
Cache-Control: max-age=300
Content-Security-Policy: default-src 'none'; style-src 'unsafe-inline'; sandbox
Content-Type: application/zip
ETag: "85a38be3d4c70e3b6dc97fc47873623da88c9b850e1526aeb57ff236bdd2815c"
Strict-Transport-Security: max-age=31536000
X-Content-Type-Options: nosniff
X-Frame-Options: deny
X-XSS-Protection: 1; mode=block
X-GitHub-Request-Id: 4C48:151AA:192BA0:24CE7D:678B53B9
Accept-Ranges: bytes
Date: Sat, 18 Jan 2025 07:36:53 GMT
Via: 1.1 varnish
X-Served-By: cache-maa10238-MAA
X-Cache: HIT
X-Cache-Hits: 0
X-Timer: S1737185813.406339,VS0,VE253
Vary: Authorization,Accept-Encoding,Origin
Access-Control-Allow-Origin: *
Cross-Origin-Resource-Policy: cross-origin
X-Fastly-Request-ID: b6c6795dc7a224938585b5c87ddfd9af2ad2efbf
Expires: Sat, 18 Jan 2025 07:41:53 GMT
Source-Age: 0

]
[2025-01-18 13:06:53,456:INFO:main:>>>>> stage Data Ingesion stage compleated <<<<<

x=========]
[2025-01-18 17:27:34,169:INFO:common:YAML file: config\config.yaml loaded successfully]
[2025-01-18 17:27:34,185:INFO:common:YAML file: params.yaml loaded successfully]
[2025-01-18 17:27:34,189:INFO:common:YAML file: schema.yaml loaded successfully]
[2025-01-18 17:27:34,192:INFO:common:Created directory at: artifacts]
[2025-01-18 17:28:13,247:INFO:common:YAML file: config\config.yaml loaded successfully]
[2025-01-18 17:28:13,251:INFO:common:YAML file: params.yaml loaded successfully]
[2025-01-18 17:28:13,255:INFO:common:YAML file: schema.yaml loaded successfully]
[2025-01-18 17:28:13,258:INFO:common:Created directory at: artifacts]
[2025-01-18 17:28:13,260:INFO:common:Created directory at: artifacts/data_validation]
[2025-01-18 17:30:35,713:INFO:common:YAML file: config\config.yaml loaded successfully]
[2025-01-18 17:30:35,716:INFO:common:YAML file: params.yaml loaded successfully]
[2025-01-18 17:30:35,721:INFO:common:YAML file: schema.yaml loaded successfully]
[2025-01-18 17:30:35,724:INFO:common:Created directory at: artifacts]
[2025-01-18 17:30:35,725:INFO:common:Created directory at: artifacts/data_validation]
[2025-01-18 17:36:18,536:INFO:common:YAML file: config\config.yaml loaded successfully]
[2025-01-18 17:36:18,541:INFO:common:YAML file: params.yaml loaded successfully]
[2025-01-18 17:36:18,547:INFO:common:YAML file: schema.yaml loaded successfully]
[2025-01-18 17:36:18,553:INFO:common:Created directory at: artifacts]
[2025-01-18 17:36:18,557:INFO:common:Created directory at: artifacts/data_validation]
[2025-01-18 17:36:38,133:INFO:common:YAML file: config\config.yaml loaded successfully]
[2025-01-18 17:36:38,137:INFO:common:YAML file: params.yaml loaded successfully]
[2025-01-18 17:36:38,141:INFO:common:YAML file: schema.yaml loaded successfully]
[2025-01-18 17:36:38,143:INFO:common:Created directory at: artifacts]
[2025-01-18 17:36:38,145:INFO:common:Created directory at: artifacts/data_validation]
[2025-01-18 17:40:59,149:INFO:common:YAML file: config\config.yaml loaded successfully]
[2025-01-18 17:40:59,153:INFO:common:YAML file: params.yaml loaded successfully]
[2025-01-18 17:40:59,161:INFO:common:YAML file: schema.yaml loaded successfully]
[2025-01-18 17:40:59,168:INFO:common:Created directory at: artifacts]
[2025-01-18 17:40:59,172:INFO:common:Created directory at: artifacts/data_validation]
[2025-01-18 17:42:11,623:INFO:common:YAML file: config\config.yaml loaded successfully]
[2025-01-18 17:42:11,626:INFO:common:YAML file: params.yaml loaded successfully]
[2025-01-18 17:42:11,630:INFO:common:YAML file: schema.yaml loaded successfully]
[2025-01-18 17:42:11,633:INFO:common:Created directory at: artifacts]
[2025-01-18 17:42:11,637:INFO:common:Created directory at: artifacts/data_validation]
[2025-01-18 17:46:09,483:INFO:common:YAML file: config\config.yaml loaded successfully]
[2025-01-18 17:46:09,487:INFO:common:YAML file: params.yaml loaded successfully]
[2025-01-18 17:46:09,507:INFO:common:YAML file: schema.yaml loaded successfully]
[2025-01-18 17:46:09,509:INFO:common:Created directory at: artifacts]
[2025-01-18 17:46:09,511:INFO:common:Created directory at: artifacts/data_validation]
[2025-01-18 17:55:04,269:INFO:main:>>>>>stage Data Ingesion stage startrd <<<<<]
[2025-01-18 17:55:04,271:INFO:common:YAML file: config\config.yaml loaded successfully]
[2025-01-18 17:55:04,272:INFO:common:YAML file: params.yaml loaded successfully]
[2025-01-18 17:55:04,274:INFO:common:YAML file: schema.yaml loaded successfully]
[2025-01-18 17:55:04,277:INFO:common:Created directory at: artifacts]
[2025-01-18 17:55:04,279:INFO:common:Created directory at: artifacts/data_ingestion]
[2025-01-18 17:55:04,281:INFO:data_ingesion:File already exists of size: ~ 21 KB]
[2025-01-18 17:55:04,315:INFO:main:>>>>> stage Data Ingesion stage compleated <<<<<

x=========]
[2025-01-18 17:55:04,316:INFO:main:>>>>>stage Data Validation stage startrd <<<<<]
[2025-01-18 17:55:04,319:INFO:common:YAML file: config\config.yaml loaded successfully]
[2025-01-18 17:55:04,320:INFO:common:YAML file: params.yaml loaded successfully]
[2025-01-18 17:55:04,323:INFO:common:YAML file: schema.yaml loaded successfully]
[2025-01-18 17:55:04,325:INFO:common:Created directory at: artifacts]
[2025-01-18 17:55:04,326:INFO:common:Created directory at: artifacts/data_validation]
[2025-01-18 17:55:04,380:INFO:main:>>>>> stage Data Validation stage compleated <<<<<

x=========]
